Traceback (most recent call last):
  File "/home/daniel/.local/lib/python3.10/site-packages/jupyter_cache/executors/utils.py", line 51, in single_nb_execution
    executenb(
  File "/home/daniel/.local/lib/python3.10/site-packages/nbclient/client.py", line 1204, in execute
    return NotebookClient(nb=nb, resources=resources, km=km, **kwargs).execute()
  File "/home/daniel/.local/lib/python3.10/site-packages/nbclient/util.py", line 84, in wrapped
    return just_run(coro(*args, **kwargs))
  File "/home/daniel/.local/lib/python3.10/site-packages/nbclient/util.py", line 62, in just_run
    return loop.run_until_complete(coro)
  File "/usr/lib/python3.10/asyncio/base_events.py", line 646, in run_until_complete
    return future.result()
  File "/home/daniel/.local/lib/python3.10/site-packages/nbclient/client.py", line 663, in async_execute
    await self.async_execute_cell(
  File "/home/daniel/.local/lib/python3.10/site-packages/nbclient/client.py", line 965, in async_execute_cell
    await self._check_raise_for_error(cell, cell_index, exec_reply)
  File "/home/daniel/.local/lib/python3.10/site-packages/nbclient/client.py", line 862, in _check_raise_for_error
    raise CellExecutionError.from_cell_and_msg(cell, exec_reply_content)
nbclient.exceptions.CellExecutionError: An error occurred while executing the following cell:
------------------
example = [{
        "question": "Would such a setup be a good quantum computer?",
        "type": "multiple_choice",
        "answers": [
            {
                "answer": "No",
                "correct": True,
                "feedback": "Correct."
            },
            {
                "answer": "Yes",
                "correct": False,
                "feedback": "False."
            }
        ]
    }]

display_quiz(example)
------------------

[0;31m---------------------------------------------------------------------------[0m
[0;31mNameError[0m                                 Traceback (most recent call last)
Input [0;32mIn [1][0m, in [0;36m<cell line: 18>[0;34m()[0m
[1;32m      1[0m example [38;5;241m=[39m [{
[1;32m      2[0m         [38;5;124m"[39m[38;5;124mquestion[39m[38;5;124m"[39m: [38;5;124m"[39m[38;5;124mWould such a setup be a good quantum computer?[39m[38;5;124m"[39m,
[1;32m      3[0m         [38;5;124m"[39m[38;5;124mtype[39m[38;5;124m"[39m: [38;5;124m"[39m[38;5;124mmultiple_choice[39m[38;5;124m"[39m,
[0;32m   (...)[0m
[1;32m     15[0m         ]
[1;32m     16[0m     }]
[0;32m---> 18[0m [43mdisplay_quiz[49m(example)

[0;31mNameError[0m: name 'display_quiz' is not defined
NameError: name 'display_quiz' is not defined

