Traceback (most recent call last):
  File "/home/daniel/.local/lib/python3.10/site-packages/jupyter_cache/executors/utils.py", line 51, in single_nb_execution
    executenb(
  File "/home/daniel/.local/lib/python3.10/site-packages/nbclient/client.py", line 1204, in execute
    return NotebookClient(nb=nb, resources=resources, km=km, **kwargs).execute()
  File "/home/daniel/.local/lib/python3.10/site-packages/nbclient/util.py", line 84, in wrapped
    return just_run(coro(*args, **kwargs))
  File "/home/daniel/.local/lib/python3.10/site-packages/nbclient/util.py", line 62, in just_run
    return loop.run_until_complete(coro)
  File "/usr/lib/python3.10/asyncio/base_events.py", line 646, in run_until_complete
    return future.result()
  File "/home/daniel/.local/lib/python3.10/site-packages/nbclient/client.py", line 663, in async_execute
    await self.async_execute_cell(
  File "/home/daniel/.local/lib/python3.10/site-packages/nbclient/client.py", line 965, in async_execute_cell
    await self._check_raise_for_error(cell, cell_index, exec_reply)
  File "/home/daniel/.local/lib/python3.10/site-packages/nbclient/client.py", line 862, in _check_raise_for_error
    raise CellExecutionError.from_cell_and_msg(cell, exec_reply_content)
nbclient.exceptions.CellExecutionError: An error occurred while executing the following cell:
------------------
qubit_cliffords = [
    '',
    'H', 'S',
    'HS', 'SH', 'SS',
    'HSH', 'HSS', 'SHS', 'SSH', 'SSS',
    'HSHS', 'HSSH', 'HSSS', 'SHSS', 'SSHS',
    'HSHSS', 'HSSHS', 'SHSSH', 'SHSSS', 'SSHSS',
    'HSHSSH', 'HSHSSS', 'HSSHSS'
]

psi_0 = np.array([[1], [0]])

H = np.array([[1, 1], [1, -1]]) / np.sqrt(2)
S = np.array([[1, 0], [0, 1j]])

states = []

for c in qubit_cliffords:
    op = np.eye(2)
    for u in c:
        if u == 'H':
            op = op @ H
        elif u == 'S':
            op = op @ S
    state = qp.Qobj(op @ state) 
    states.append(state)

b = qp.Bloch()
b.point_color = ['#ff0000']
b.point_marker = ['o']
b.add_states(states, kind='point')
b.show()
------------------

[0;31m---------------------------------------------------------------------------[0m
[0;31mNameError[0m                                 Traceback (most recent call last)
Input [0;32mIn [11][0m, in [0;36m<cell line: 18>[0;34m()[0m
[1;32m     23[0m         [38;5;28;01melif[39;00m u [38;5;241m==[39m [38;5;124m'[39m[38;5;124mS[39m[38;5;124m'[39m:
[1;32m     24[0m             op [38;5;241m=[39m op [38;5;241m@[39m S
[0;32m---> 25[0m     state [38;5;241m=[39m qp[38;5;241m.[39mQobj(op [38;5;241m@[39m [43mstate[49m) 
[1;32m     26[0m     states[38;5;241m.[39mappend(state)
[1;32m     28[0m b [38;5;241m=[39m qp[38;5;241m.[39mBloch()

[0;31mNameError[0m: name 'state' is not defined
NameError: name 'state' is not defined

